Flow report for systemesolaire
Wed Sep 26 16:50:42 2018
Quartus II 64-Bit Version 13.0.1 Build 232 06/12/2013 Service Pack 1 SJ Full Version


---------------------
; Table of Contents ;
---------------------
  1. Legal Notice
  2. Flow Summary
  3. Flow Settings
  4. Flow Non-Default Global Settings
  5. Flow Elapsed Time
  6. Flow OS Summary
  7. Flow Log
  8. Flow Messages
  9. Flow Suppressed Messages



----------------
; Legal Notice ;
----------------
Copyright (C) 1991-2013 Altera Corporation
Your use of Altera Corporation's design tools, logic functions 
and other software and tools, and its AMPP partner logic 
functions, and any output files from any of the foregoing 
(including device programming or simulation files), and any 
associated documentation or information are expressly subject 
to the terms and conditions of the Altera Program License 
Subscription Agreement, Altera MegaCore Function License 
Agreement, or other applicable license agreement, including, 
without limitation, that your use is for the sole purpose of 
programming logic devices manufactured by Altera and sold by 
Altera or its authorized distributors.  Please refer to the 
applicable agreement for further details.



+---------------------------------------------------------------------------------------+
; Flow Summary                                                                          ;
+------------------------------------+--------------------------------------------------+
; Flow Status                        ; Successful - Wed Sep 26 16:50:42 2018            ;
; Quartus II 64-Bit Version          ; 13.0.1 Build 232 06/12/2013 SP 1 SJ Full Version ;
; Revision Name                      ; systemesolaire                                   ;
; Top-level Entity Name              ; systemesolaire                                   ;
; Family                             ; Cyclone II                                       ;
; Device                             ; EP2C35F672C6                                     ;
; Timing Models                      ; Final                                            ;
; Total logic elements               ; 5,675 / 33,216 ( 17 % )                          ;
;     Total combinational functions  ; 5,029 / 33,216 ( 15 % )                          ;
;     Dedicated logic registers      ; 3,666 / 33,216 ( 11 % )                          ;
; Total registers                    ; 3734                                             ;
; Total pins                         ; 114 / 475 ( 24 % )                               ;
; Total virtual pins                 ; 0                                                ;
; Total memory bits                  ; 85,888 / 483,840 ( 18 % )                        ;
; Embedded Multiplier 9-bit elements ; 4 / 70 ( 6 % )                                   ;
; Total PLLs                         ; 1 / 4 ( 25 % )                                   ;
+------------------------------------+--------------------------------------------------+


+-----------------------------------------+
; Flow Settings                           ;
+-------------------+---------------------+
; Option            ; Setting             ;
+-------------------+---------------------+
; Start date & time ; 09/26/2018 16:47:04 ;
; Main task         ; Compilation         ;
; Revision Name     ; systemesolaire      ;
+-------------------+---------------------+


+------------------------------------------------------------------------------------------------------------------------------------------------------+
; Flow Non-Default Global Settings                                                                                                                     ;
+-------------------------------------+-----------------------------------------------------------------+---------------+-------------+----------------+
; Assignment Name                     ; Value                                                           ; Default Value ; Entity Name ; Section Id     ;
+-------------------------------------+-----------------------------------------------------------------+---------------+-------------+----------------+
; COMPILER_SIGNATURE_ID               ; 61986973650524.153799482103024                                  ; --            ; --          ; --             ;
; EDA_NETLIST_WRITER_OUTPUT_DIR       ; simulation/modelsim                                             ; --            ; --          ; eda_simulation ;
; EDA_OUTPUT_DATA_FORMAT              ; Vhdl                                                            ; --            ; --          ; eda_simulation ;
; EDA_SIMULATION_TOOL                 ; ModelSim-Altera (VHDL)                                          ; <None>        ; --          ; --             ;
; ENABLE_SIGNALTAP                    ; Off                                                             ; --            ; --          ; --             ;
; IP_TOOL_NAME                        ; ALTPLL                                                          ; --            ; --          ; --             ;
; IP_TOOL_VERSION                     ; 13.0                                                            ; --            ; --          ; --             ;
; MAX_CORE_JUNCTION_TEMP              ; 85                                                              ; --            ; --          ; --             ;
; MIN_CORE_JUNCTION_TEMP              ; 0                                                               ; --            ; --          ; --             ;
; MISC_FILE                           ; altpll0.bsf                                                     ; --            ; --          ; --             ;
; MISC_FILE                           ; altpll0.cmp                                                     ; --            ; --          ; --             ;
; MISC_FILE                           ; altpll0.ppf                                                     ; --            ; --          ; --             ;
; PARTITION_COLOR                     ; 16764057                                                        ; --            ; --          ; Top            ;
; PARTITION_FITTER_PRESERVATION_LEVEL ; PLACEMENT_AND_ROUTING                                           ; --            ; --          ; Top            ;
; PARTITION_NETLIST_TYPE              ; SOURCE                                                          ; --            ; --          ; Top            ;
; POWER_BOARD_THERMAL_MODEL           ; None (CONSERVATIVE)                                             ; --            ; --          ; --             ;
; POWER_PRESET_COOLING_SOLUTION       ; 23 MM HEAT SINK WITH 200 LFPM AIRFLOW                           ; --            ; --          ; --             ;
; PROJECT_OUTPUT_DIRECTORY            ; output_files                                                    ; --            ; --          ; --             ;
; SLD_FILE                            ; U:/ELE8307/Lab3/QuartusProj/output_files/stp1_auto_stripped.stp ; --            ; --          ; --             ;
; USE_SIGNALTAP_FILE                  ; output_files/stp1.stp                                           ; --            ; --          ; --             ;
+-------------------------------------+-----------------------------------------------------------------+---------------+-------------+----------------+


+-------------------------------------------------------------------------------------------------------------------------------+
; Flow Elapsed Time                                                                                                             ;
+---------------------------+--------------+-------------------------+---------------------+------------------------------------+
; Module Name               ; Elapsed Time ; Average Processors Used ; Peak Virtual Memory ; Total CPU Time (on all processors) ;
+---------------------------+--------------+-------------------------+---------------------+------------------------------------+
; Analysis & Synthesis      ; 00:02:10     ; 1.0                     ; 681 MB              ; 00:00:43                           ;
; Fitter                    ; 00:00:28     ; 1.4                     ; 1151 MB             ; 00:00:31                           ;
; Assembler                 ; 00:00:07     ; 1.0                     ; 460 MB              ; 00:00:03                           ;
; TimeQuest Timing Analyzer ; 00:00:11     ; 1.0                     ; 537 MB              ; 00:00:04                           ;
; EDA Netlist Writer        ; 00:00:18     ; 1.0                     ; 493 MB              ; 00:00:07                           ;
; Total                     ; 00:03:14     ; --                      ; --                  ; 00:01:28                           ;
+---------------------------+--------------+-------------------------+---------------------+------------------------------------+


+----------------------------------------------------------------------------------------+
; Flow OS Summary                                                                        ;
+---------------------------+------------------+-----------+------------+----------------+
; Module Name               ; Machine Hostname ; OS Name   ; OS Version ; Processor type ;
+---------------------------+------------------+-----------+------------+----------------+
; Analysis & Synthesis      ; L5906-08         ; Windows 7 ; 6.1        ; x86_64         ;
; Fitter                    ; L5906-08         ; Windows 7 ; 6.1        ; x86_64         ;
; Assembler                 ; L5906-08         ; Windows 7 ; 6.1        ; x86_64         ;
; TimeQuest Timing Analyzer ; L5906-08         ; Windows 7 ; 6.1        ; x86_64         ;
; EDA Netlist Writer        ; L5906-08         ; Windows 7 ; 6.1        ; x86_64         ;
+---------------------------+------------------+-----------+------------+----------------+


------------
; Flow Log ;
------------
quartus_map --read_settings_files=on --write_settings_files=off systemesolaire -c systemesolaire
quartus_fit --read_settings_files=off --write_settings_files=off systemesolaire -c systemesolaire
quartus_asm --read_settings_files=off --write_settings_files=off systemesolaire -c systemesolaire
quartus_sta systemesolaire -c systemesolaire
quartus_eda --read_settings_files=off --write_settings_files=off systemesolaire -c systemesolaire



